<?xml version="1.0" encoding="UTF-8"?>
<testsuite xmlns:xsi="http://www.w3.org/2001/XMLSchema-instance" xsi:noNamespaceSchemaLocation="https://maven.apache.org/surefire/maven-surefire-plugin/xsd/surefire-test-report.xsd" name="com.xiaochen.beatles.test.SpringTest" time="2.053" tests="2" errors="0" skipped="0" failures="0">
  <properties>
    <property name="sun.desktop" value="windows"/>
    <property name="awt.toolkit" value="sun.awt.windows.WToolkit"/>
    <property name="file.encoding.pkg" value="sun.io"/>
    <property name="java.specification.version" value="1.8"/>
    <property name="sun.cpu.isalist" value="amd64"/>
    <property name="sun.jnu.encoding" value="GBK"/>
    <property name="java.class.path" value="D:\Software\IntelliJ IDEA\WorkSpaces\OpenSource\Examples\property-management\target\test-classes;D:\Software\IntelliJ IDEA\WorkSpaces\OpenSource\Examples\property-management\target\classes;D:\Software\VersionControlSoftware\Maven\maven\Repository\com\aliyun\aliyun-java-sdk-core\4.0.3\aliyun-java-sdk-core-4.0.3.jar;D:\Software\VersionControlSoftware\Maven\maven\Repository\com\google\code\gson\gson\2.8.2\gson-2.8.2.jar;D:\Software\VersionControlSoftware\Maven\maven\Repository\org\apache\httpcomponents\httpclient\4.5.3\httpclient-4.5.3.jar;D:\Software\VersionControlSoftware\Maven\maven\Repository\org\apache\httpcomponents\httpcore\4.4.6\httpcore-4.4.6.jar;D:\Software\VersionControlSoftware\Maven\maven\Repository\commons-codec\commons-codec\1.9\commons-codec-1.9.jar;D:\Software\VersionControlSoftware\Maven\maven\Repository\javax\xml\bind\jaxb-api\2.1\jaxb-api-2.1.jar;D:\Software\VersionControlSoftware\Maven\maven\Repository\javax\xml\stream\stax-api\1.0-2\stax-api-1.0-2.jar;D:\Software\VersionControlSoftware\Maven\maven\Repository\com\sun\xml\bind\jaxb-core\2.1.14\jaxb-core-2.1.14.jar;D:\Software\VersionControlSoftware\Maven\maven\Repository\com\sun\xml\bind\jaxb-impl\2.1\jaxb-impl-2.1.jar;D:\Software\VersionControlSoftware\Maven\maven\Repository\javax\activation\activation\1.1.1\activation-1.1.1.jar;D:\Software\VersionControlSoftware\Maven\maven\Repository\junit\junit\4.13\junit-4.13.jar;D:\Software\VersionControlSoftware\Maven\maven\Repository\org\hamcrest\hamcrest-core\1.3\hamcrest-core-1.3.jar;D:\Software\VersionControlSoftware\Maven\maven\Repository\org\springframework\spring-core\4.3.8.RELEASE\spring-core-4.3.8.RELEASE.jar;D:\Software\VersionControlSoftware\Maven\maven\Repository\org\springframework\spring-context\4.3.8.RELEASE\spring-context-4.3.8.RELEASE.jar;D:\Software\VersionControlSoftware\Maven\maven\Repository\org\projectlombok\lombok\1.18.10\lombok-1.18.10.jar;D:\Software\VersionControlSoftware\Maven\maven\Repository\org\springframework\spring-beans\4.3.8.RELEASE\spring-beans-4.3.8.RELEASE.jar;D:\Software\VersionControlSoftware\Maven\maven\Repository\org\springframework\spring-test\4.3.8.RELEASE\spring-test-4.3.8.RELEASE.jar;D:\Software\VersionControlSoftware\Maven\maven\Repository\org\springframework\spring-web\4.3.8.RELEASE\spring-web-4.3.8.RELEASE.jar;D:\Software\VersionControlSoftware\Maven\maven\Repository\org\springframework\spring-webmvc\4.3.8.RELEASE\spring-webmvc-4.3.8.RELEASE.jar;D:\Software\VersionControlSoftware\Maven\maven\Repository\org\springframework\spring-aop\4.3.8.RELEASE\spring-aop-4.3.8.RELEASE.jar;D:\Software\VersionControlSoftware\Maven\maven\Repository\org\springframework\spring-expression\4.3.8.RELEASE\spring-expression-4.3.8.RELEASE.jar;D:\Software\VersionControlSoftware\Maven\maven\Repository\org\springframework\spring-tx\4.3.8.RELEASE\spring-tx-4.3.8.RELEASE.jar;D:\Software\VersionControlSoftware\Maven\maven\Repository\org\springframework\spring-jdbc\4.3.8.RELEASE\spring-jdbc-4.3.8.RELEASE.jar;D:\Software\VersionControlSoftware\Maven\maven\Repository\com\alibaba\druid\1.1.9\druid-1.1.9.jar;D:\Software\VersionControlSoftware\Maven\maven\Repository\org\mybatis\mybatis-spring\1.3.2\mybatis-spring-1.3.2.jar;D:\Software\VersionControlSoftware\Maven\maven\Repository\org\mybatis\mybatis\3.4.6\mybatis-3.4.6.jar;D:\Software\VersionControlSoftware\Maven\maven\Repository\mysql\mysql-connector-java\8.0.16\mysql-connector-java-8.0.16.jar;D:\Software\VersionControlSoftware\Maven\maven\Repository\com\google\protobuf\protobuf-java\3.6.1\protobuf-java-3.6.1.jar;D:\Software\VersionControlSoftware\Maven\maven\Repository\javax\servlet\javax.servlet-api\4.0.1\javax.servlet-api-4.0.1.jar;D:\Software\VersionControlSoftware\Maven\maven\Repository\org\apache\shiro\shiro-spring\1.4.0\shiro-spring-1.4.0.jar;D:\Software\VersionControlSoftware\Maven\maven\Repository\org\apache\shiro\shiro-web\1.4.0\shiro-web-1.4.0.jar;D:\Software\VersionControlSoftware\Maven\maven\Repository\org\apache\shiro\shiro-ehcache\1.4.0\shiro-ehcache-1.4.0.jar;D:\Software\VersionControlSoftware\Maven\maven\Repository\org\apache\shiro\shiro-cache\1.4.0\shiro-cache-1.4.0.jar;D:\Software\VersionControlSoftware\Maven\maven\Repository\net\sf\ehcache\ehcache-core\2.6.11\ehcache-core-2.6.11.jar;D:\Software\VersionControlSoftware\Maven\maven\Repository\org\apache\shiro\shiro-core\1.4.0\shiro-core-1.4.0.jar;D:\Software\VersionControlSoftware\Maven\maven\Repository\org\apache\shiro\shiro-lang\1.4.0\shiro-lang-1.4.0.jar;D:\Software\VersionControlSoftware\Maven\maven\Repository\org\apache\shiro\shiro-crypto-hash\1.4.0\shiro-crypto-hash-1.4.0.jar;D:\Software\VersionControlSoftware\Maven\maven\Repository\org\apache\shiro\shiro-crypto-core\1.4.0\shiro-crypto-core-1.4.0.jar;D:\Software\VersionControlSoftware\Maven\maven\Repository\org\apache\shiro\shiro-crypto-cipher\1.4.0\shiro-crypto-cipher-1.4.0.jar;D:\Software\VersionControlSoftware\Maven\maven\Repository\org\apache\shiro\shiro-config-core\1.4.0\shiro-config-core-1.4.0.jar;D:\Software\VersionControlSoftware\Maven\maven\Repository\org\apache\shiro\shiro-config-ogdl\1.4.0\shiro-config-ogdl-1.4.0.jar;D:\Software\VersionControlSoftware\Maven\maven\Repository\org\apache\shiro\shiro-event\1.4.0\shiro-event-1.4.0.jar;D:\Software\VersionControlSoftware\Maven\maven\Repository\org\slf4j\slf4j-log4j12\1.7.12\slf4j-log4j12-1.7.12.jar;D:\Software\VersionControlSoftware\Maven\maven\Repository\org\slf4j\slf4j-api\1.7.12\slf4j-api-1.7.12.jar;D:\Software\VersionControlSoftware\Maven\maven\Repository\log4j\log4j\1.2.17\log4j-1.2.17.jar;D:\Software\VersionControlSoftware\Maven\maven\Repository\com\fasterxml\jackson\core\jackson-databind\2.9.5\jackson-databind-2.9.5.jar;D:\Software\VersionControlSoftware\Maven\maven\Repository\com\fasterxml\jackson\core\jackson-core\2.9.5\jackson-core-2.9.5.jar;D:\Software\VersionControlSoftware\Maven\maven\Repository\com\fasterxml\jackson\core\jackson-annotations\2.9.5\jackson-annotations-2.9.5.jar;D:\Software\VersionControlSoftware\Maven\maven\Repository\net\sf\json-lib\json-lib\2.4\json-lib-2.4-jdk15.jar;D:\Software\VersionControlSoftware\Maven\maven\Repository\commons-beanutils\commons-beanutils\1.8.0\commons-beanutils-1.8.0.jar;D:\Software\VersionControlSoftware\Maven\maven\Repository\commons-collections\commons-collections\3.2.1\commons-collections-3.2.1.jar;D:\Software\VersionControlSoftware\Maven\maven\Repository\commons-lang\commons-lang\2.5\commons-lang-2.5.jar;D:\Software\VersionControlSoftware\Maven\maven\Repository\net\sf\ezmorph\ezmorph\1.0.6\ezmorph-1.0.6.jar;D:\Software\VersionControlSoftware\Maven\maven\Repository\org\json\json\20180130\json-20180130.jar;D:\Software\VersionControlSoftware\Maven\maven\Repository\com\alipay\sdk\alipay-sdk-java\4.9.106.ALL\alipay-sdk-java-4.9.106.ALL.jar;D:\Software\VersionControlSoftware\Maven\maven\Repository\org\bouncycastle\bcprov-jdk15on\1.62\bcprov-jdk15on-1.62.jar;D:\Software\VersionControlSoftware\Maven\maven\Repository\commons-logging\commons-logging\1.2\commons-logging-1.2.jar;D:\Software\VersionControlSoftware\Maven\maven\Repository\com\alibaba\fastjson\1.2.58\fastjson-1.2.58.jar;D:\Software\VersionControlSoftware\Maven\maven\Repository\joda-time\joda-time\2.9.8\joda-time-2.9.8.jar;"/>
    <property name="java.vm.vendor" value="Oracle Corporation"/>
    <property name="sun.arch.data.model" value="64"/>
    <property name="user.variant" value=""/>
    <property name="java.vendor.url" value="http://java.oracle.com/"/>
    <property name="user.timezone" value="Asia/Shanghai"/>
    <property name="java.vm.specification.version" value="1.8"/>
    <property name="os.name" value="Windows 10"/>
    <property name="user.country" value="CN"/>
    <property name="sun.java.launcher" value="SUN_STANDARD"/>
    <property name="sun.boot.library.path" value="D:\Software\Java\Jdk\jre\bin"/>
    <property name="sun.java.command" value="C:\Users\xiaochen\AppData\Local\Temp\surefire9177869740499436508\surefirebooter1730457075003832765.jar C:\Users\xiaochen\AppData\Local\Temp\surefire9177869740499436508 2020-04-16T16-00-00_582-jvmRun1 surefire9164120955777923265tmp surefire_02643086347761440132tmp"/>
    <property name="surefire.test.class.path" value="D:\Software\IntelliJ IDEA\WorkSpaces\OpenSource\Examples\property-management\target\test-classes;D:\Software\IntelliJ IDEA\WorkSpaces\OpenSource\Examples\property-management\target\classes;D:\Software\VersionControlSoftware\Maven\maven\Repository\com\aliyun\aliyun-java-sdk-core\4.0.3\aliyun-java-sdk-core-4.0.3.jar;D:\Software\VersionControlSoftware\Maven\maven\Repository\com\google\code\gson\gson\2.8.2\gson-2.8.2.jar;D:\Software\VersionControlSoftware\Maven\maven\Repository\org\apache\httpcomponents\httpclient\4.5.3\httpclient-4.5.3.jar;D:\Software\VersionControlSoftware\Maven\maven\Repository\org\apache\httpcomponents\httpcore\4.4.6\httpcore-4.4.6.jar;D:\Software\VersionControlSoftware\Maven\maven\Repository\commons-codec\commons-codec\1.9\commons-codec-1.9.jar;D:\Software\VersionControlSoftware\Maven\maven\Repository\javax\xml\bind\jaxb-api\2.1\jaxb-api-2.1.jar;D:\Software\VersionControlSoftware\Maven\maven\Repository\javax\xml\stream\stax-api\1.0-2\stax-api-1.0-2.jar;D:\Software\VersionControlSoftware\Maven\maven\Repository\com\sun\xml\bind\jaxb-core\2.1.14\jaxb-core-2.1.14.jar;D:\Software\VersionControlSoftware\Maven\maven\Repository\com\sun\xml\bind\jaxb-impl\2.1\jaxb-impl-2.1.jar;D:\Software\VersionControlSoftware\Maven\maven\Repository\javax\activation\activation\1.1.1\activation-1.1.1.jar;D:\Software\VersionControlSoftware\Maven\maven\Repository\junit\junit\4.13\junit-4.13.jar;D:\Software\VersionControlSoftware\Maven\maven\Repository\org\hamcrest\hamcrest-core\1.3\hamcrest-core-1.3.jar;D:\Software\VersionControlSoftware\Maven\maven\Repository\org\springframework\spring-core\4.3.8.RELEASE\spring-core-4.3.8.RELEASE.jar;D:\Software\VersionControlSoftware\Maven\maven\Repository\org\springframework\spring-context\4.3.8.RELEASE\spring-context-4.3.8.RELEASE.jar;D:\Software\VersionControlSoftware\Maven\maven\Repository\org\projectlombok\lombok\1.18.10\lombok-1.18.10.jar;D:\Software\VersionControlSoftware\Maven\maven\Repository\org\springframework\spring-beans\4.3.8.RELEASE\spring-beans-4.3.8.RELEASE.jar;D:\Software\VersionControlSoftware\Maven\maven\Repository\org\springframework\spring-test\4.3.8.RELEASE\spring-test-4.3.8.RELEASE.jar;D:\Software\VersionControlSoftware\Maven\maven\Repository\org\springframework\spring-web\4.3.8.RELEASE\spring-web-4.3.8.RELEASE.jar;D:\Software\VersionControlSoftware\Maven\maven\Repository\org\springframework\spring-webmvc\4.3.8.RELEASE\spring-webmvc-4.3.8.RELEASE.jar;D:\Software\VersionControlSoftware\Maven\maven\Repository\org\springframework\spring-aop\4.3.8.RELEASE\spring-aop-4.3.8.RELEASE.jar;D:\Software\VersionControlSoftware\Maven\maven\Repository\org\springframework\spring-expression\4.3.8.RELEASE\spring-expression-4.3.8.RELEASE.jar;D:\Software\VersionControlSoftware\Maven\maven\Repository\org\springframework\spring-tx\4.3.8.RELEASE\spring-tx-4.3.8.RELEASE.jar;D:\Software\VersionControlSoftware\Maven\maven\Repository\org\springframework\spring-jdbc\4.3.8.RELEASE\spring-jdbc-4.3.8.RELEASE.jar;D:\Software\VersionControlSoftware\Maven\maven\Repository\com\alibaba\druid\1.1.9\druid-1.1.9.jar;D:\Software\VersionControlSoftware\Maven\maven\Repository\org\mybatis\mybatis-spring\1.3.2\mybatis-spring-1.3.2.jar;D:\Software\VersionControlSoftware\Maven\maven\Repository\org\mybatis\mybatis\3.4.6\mybatis-3.4.6.jar;D:\Software\VersionControlSoftware\Maven\maven\Repository\mysql\mysql-connector-java\8.0.16\mysql-connector-java-8.0.16.jar;D:\Software\VersionControlSoftware\Maven\maven\Repository\com\google\protobuf\protobuf-java\3.6.1\protobuf-java-3.6.1.jar;D:\Software\VersionControlSoftware\Maven\maven\Repository\javax\servlet\javax.servlet-api\4.0.1\javax.servlet-api-4.0.1.jar;D:\Software\VersionControlSoftware\Maven\maven\Repository\org\apache\shiro\shiro-spring\1.4.0\shiro-spring-1.4.0.jar;D:\Software\VersionControlSoftware\Maven\maven\Repository\org\apache\shiro\shiro-web\1.4.0\shiro-web-1.4.0.jar;D:\Software\VersionControlSoftware\Maven\maven\Repository\org\apache\shiro\shiro-ehcache\1.4.0\shiro-ehcache-1.4.0.jar;D:\Software\VersionControlSoftware\Maven\maven\Repository\org\apache\shiro\shiro-cache\1.4.0\shiro-cache-1.4.0.jar;D:\Software\VersionControlSoftware\Maven\maven\Repository\net\sf\ehcache\ehcache-core\2.6.11\ehcache-core-2.6.11.jar;D:\Software\VersionControlSoftware\Maven\maven\Repository\org\apache\shiro\shiro-core\1.4.0\shiro-core-1.4.0.jar;D:\Software\VersionControlSoftware\Maven\maven\Repository\org\apache\shiro\shiro-lang\1.4.0\shiro-lang-1.4.0.jar;D:\Software\VersionControlSoftware\Maven\maven\Repository\org\apache\shiro\shiro-crypto-hash\1.4.0\shiro-crypto-hash-1.4.0.jar;D:\Software\VersionControlSoftware\Maven\maven\Repository\org\apache\shiro\shiro-crypto-core\1.4.0\shiro-crypto-core-1.4.0.jar;D:\Software\VersionControlSoftware\Maven\maven\Repository\org\apache\shiro\shiro-crypto-cipher\1.4.0\shiro-crypto-cipher-1.4.0.jar;D:\Software\VersionControlSoftware\Maven\maven\Repository\org\apache\shiro\shiro-config-core\1.4.0\shiro-config-core-1.4.0.jar;D:\Software\VersionControlSoftware\Maven\maven\Repository\org\apache\shiro\shiro-config-ogdl\1.4.0\shiro-config-ogdl-1.4.0.jar;D:\Software\VersionControlSoftware\Maven\maven\Repository\org\apache\shiro\shiro-event\1.4.0\shiro-event-1.4.0.jar;D:\Software\VersionControlSoftware\Maven\maven\Repository\org\slf4j\slf4j-log4j12\1.7.12\slf4j-log4j12-1.7.12.jar;D:\Software\VersionControlSoftware\Maven\maven\Repository\org\slf4j\slf4j-api\1.7.12\slf4j-api-1.7.12.jar;D:\Software\VersionControlSoftware\Maven\maven\Repository\log4j\log4j\1.2.17\log4j-1.2.17.jar;D:\Software\VersionControlSoftware\Maven\maven\Repository\com\fasterxml\jackson\core\jackson-databind\2.9.5\jackson-databind-2.9.5.jar;D:\Software\VersionControlSoftware\Maven\maven\Repository\com\fasterxml\jackson\core\jackson-core\2.9.5\jackson-core-2.9.5.jar;D:\Software\VersionControlSoftware\Maven\maven\Repository\com\fasterxml\jackson\core\jackson-annotations\2.9.5\jackson-annotations-2.9.5.jar;D:\Software\VersionControlSoftware\Maven\maven\Repository\net\sf\json-lib\json-lib\2.4\json-lib-2.4-jdk15.jar;D:\Software\VersionControlSoftware\Maven\maven\Repository\commons-beanutils\commons-beanutils\1.8.0\commons-beanutils-1.8.0.jar;D:\Software\VersionControlSoftware\Maven\maven\Repository\commons-collections\commons-collections\3.2.1\commons-collections-3.2.1.jar;D:\Software\VersionControlSoftware\Maven\maven\Repository\commons-lang\commons-lang\2.5\commons-lang-2.5.jar;D:\Software\VersionControlSoftware\Maven\maven\Repository\net\sf\ezmorph\ezmorph\1.0.6\ezmorph-1.0.6.jar;D:\Software\VersionControlSoftware\Maven\maven\Repository\org\json\json\20180130\json-20180130.jar;D:\Software\VersionControlSoftware\Maven\maven\Repository\com\alipay\sdk\alipay-sdk-java\4.9.106.ALL\alipay-sdk-java-4.9.106.ALL.jar;D:\Software\VersionControlSoftware\Maven\maven\Repository\org\bouncycastle\bcprov-jdk15on\1.62\bcprov-jdk15on-1.62.jar;D:\Software\VersionControlSoftware\Maven\maven\Repository\commons-logging\commons-logging\1.2\commons-logging-1.2.jar;D:\Software\VersionControlSoftware\Maven\maven\Repository\com\alibaba\fastjson\1.2.58\fastjson-1.2.58.jar;D:\Software\VersionControlSoftware\Maven\maven\Repository\joda-time\joda-time\2.9.8\joda-time-2.9.8.jar;"/>
    <property name="sun.cpu.endian" value="little"/>
    <property name="user.home" value="C:\Users\xiaochen"/>
    <property name="user.language" value="zh"/>
    <property name="java.specification.vendor" value="Oracle Corporation"/>
    <property name="java.home" value="D:\Software\Java\Jdk\jre"/>
    <property name="basedir" value="D:\Software\IntelliJ IDEA\WorkSpaces\OpenSource\Examples\property-management"/>
    <property name="file.separator" value="\"/>
    <property name="line.separator" value="&#10;"/>
    <property name="java.vm.specification.vendor" value="Oracle Corporation"/>
    <property name="java.specification.name" value="Java Platform API Specification"/>
    <property name="java.awt.graphicsenv" value="sun.awt.Win32GraphicsEnvironment"/>
    <property name="surefire.real.class.path" value="C:\Users\xiaochen\AppData\Local\Temp\surefire9177869740499436508\surefirebooter1730457075003832765.jar"/>
    <property name="sun.boot.class.path" value="D:\Software\Java\Jdk\jre\lib\resources.jar;D:\Software\Java\Jdk\jre\lib\rt.jar;D:\Software\Java\Jdk\jre\lib\sunrsasign.jar;D:\Software\Java\Jdk\jre\lib\jsse.jar;D:\Software\Java\Jdk\jre\lib\jce.jar;D:\Software\Java\Jdk\jre\lib\charsets.jar;D:\Software\Java\Jdk\jre\lib\jfr.jar;D:\Software\Java\Jdk\jre\classes"/>
    <property name="user.script" value=""/>
    <property name="sun.management.compiler" value="HotSpot 64-Bit Tiered Compilers"/>
    <property name="java.runtime.version" value="1.8.0_221-b11"/>
    <property name="user.name" value="xiaochen"/>
    <property name="path.separator" value=";"/>
    <property name="os.version" value="10.0"/>
    <property name="java.endorsed.dirs" value="D:\Software\Java\Jdk\jre\lib\endorsed"/>
    <property name="java.runtime.name" value="Java(TM) SE Runtime Environment"/>
    <property name="file.encoding" value="GBK"/>
    <property name="java.vm.name" value="Java HotSpot(TM) 64-Bit Server VM"/>
    <property name="localRepository" value="D:\Software\VersionControlSoftware\Maven\maven\Repository"/>
    <property name="java.vendor.url.bug" value="http://bugreport.sun.com/bugreport/"/>
    <property name="java.io.tmpdir" value="C:\Users\xiaochen\AppData\Local\Temp\"/>
    <property name="java.version" value="1.8.0_221"/>
    <property name="user.dir" value="D:\Software\IntelliJ IDEA\WorkSpaces\OpenSource\Examples\property-management"/>
    <property name="os.arch" value="amd64"/>
    <property name="java.vm.specification.name" value="Java Virtual Machine Specification"/>
    <property name="java.awt.printerjob" value="sun.awt.windows.WPrinterJob"/>
    <property name="sun.os.patch.level" value=""/>
    <property name="idea.version2019.3.3" value="true"/>
    <property name="java.library.path" value="D:\Software\Java\Jdk\jre\bin;C:\WINDOWS\Sun\Java\bin;C:\WINDOWS\system32;C:\WINDOWS;D:\Software\Python\Python\Scripts\;D:\Software\Python\Python\;D:\Software\ShelltTool\Xftp\;D:\Software\ShelltTool\Xshell\;C:\Program Files (x86)\Common Files\Oracle\Java\javapath;D:\Software\Java\Jdk\bin;D:\Software\Java\Jre\bin;D:\Software\Python\Python;D:\phpAndmysql\mysqlpath\MysqlDirectory\bin;C:\WINDOWS\system32;C:\WINDOWS;C:\WINDOWS\System32\Wbem;C:\WINDOWS\System32\WindowsPowerShell\v1.0\;C:\WINDOWS\System32\OpenSSH\;D:\JavaVersioning\Maven\maven\apache-maven-3.6.3\bin;D:\JavaIDEA\apache\tomcat9\bin;D:\JavaVersioning\Maven\maven\apache-maven-3.6.3;C:\Program Files (x86)\NVIDIA Corporation\PhysX\Common;C:\Program Files\NVIDIA Corporation\NVIDIA NvDLISR;C:\WINDOWS\system32;C:\WINDOWS;C:\WINDOWS\System32\Wbem;C:\WINDOWS\System32\WindowsPowerShell\v1.0\;C:\WINDOWS\System32\OpenSSH\;D:\Software\DataSQL\MySQL\MySQLserver\bin;D:\JavaVersioning\Git\Git\cmd;D:\Software\VersionControlSoftware\Maven\maven\apache-maven-3.6.3\bin;D:\Software\VersionControlSoftware\Git\Git\cmd;C:\Users\xiaochen\AppData\Local\Microsoft\WindowsApps;C:\Users\xiaochen\AppData\Local\Microsoft\WindowsApps;C:\Users\xiaochen\Documents\IDM Computer Solutions\UltraEdit;."/>
    <property name="java.vm.info" value="mixed mode"/>
    <property name="java.vendor" value="Oracle Corporation"/>
    <property name="java.vm.version" value="25.221-b11"/>
    <property name="java.ext.dirs" value="D:\Software\Java\Jdk\jre\lib\ext;C:\WINDOWS\Sun\Java\lib\ext"/>
    <property name="sun.io.unicode.encoding" value="UnicodeLittle"/>
    <property name="maven.repo.local" value="D:\Software\VersionControlSoftware\Maven\maven\Repository"/>
    <property name="java.class.version" value="52.0"/>
  </properties>
  <testcase name="getPojo" classname="com.xiaochen.beatles.test.SpringTest" time="0.008"/>
  <testcase name="getbeans" classname="com.xiaochen.beatles.test.SpringTest" time="0.659"/>
</testsuite>